<?xml version="1.0" encoding="UTF-8"?>
<!-- Generated by org.testng.reporters.JUnitXMLReporter -->
<testsuite ignored="0" hostname="TABLET-035DO2R9" failures="1" tests="2" name="Testing on firefox" time="12.988" errors="0" timestamp="2024-03-27T08:08:53 GMT-06:00">
  <testcase classname="testNGAnnotaions.ParalellTesting" name="enterUserCredentials" time="0.0">
    <failure type="org.testng.TestNGException" message="
Parameter &amp;apos;username&amp;apos; is required by @Test on method enterUserCredentials but has not been marked @Optional or defined
in C:\Users\Mallukinnis\eclipse-workspace\RestAssuredAPIDemo\SeleniumOverallTestNGFrameWork\paraltestng.xml">
      <![CDATA[org.testng.TestNGException: 
Parameter 'username' is required by @Test on method enterUserCredentials but has not been marked @Optional or defined
in C:\Users\Mallukinnis\eclipse-workspace\RestAssuredAPIDemo\SeleniumOverallTestNGFrameWork\paraltestng.xml
at java.base/java.util.concurrent.Executors$RunnableAdapter.call(Executors.java:539)
at java.base/java.util.concurrent.FutureTask.run(FutureTask.java:264)
at java.base/java.util.concurrent.ThreadPoolExecutor.runWorker(ThreadPoolExecutor.java:1136)
at java.base/java.util.concurrent.ThreadPoolExecutor$Worker.run(ThreadPoolExecutor.java:635)
at java.base/java.lang.Thread.run(Thread.java:840)
... Removed 12 stack frames]]>
    </failure>
  </testcase> <!-- enterUserCredentials -->
  <testcase classname="testNGAnnotaions.ParalellTesting" name="launvhBrowser" time="5.448"/>
</testsuite> <!-- Testing on firefox -->
